<?xml version="1.0" encoding="UTF-8"?>
<!-- Generated by org.testng.reporters.JUnitReportReporter -->
<testsuite hostname="DESKTOP-2I02I72" failures="0" tests="1" name="Practice.DemoGit" time="0.033" errors="0" timestamp="2023-03-29T12:50:39 IST" skipped="0">
  <testcase classname="Practice.DemoGit" name="sample" time="0.033"/>
  <system-out/>
</testsuite> <!-- Practice.DemoGit -->
